/*C2*/SET SCHEMA PUBLIC
CONNECT USER SA
CREATE CACHED TABLE tb_cliente  ( \u000a\u0009cpf CHAR(11) NOT NULL,\u000a\u0009nome VARCHAR(100) NOT NULL,\u000a\u0009PRIMARY KEY(cpf)\u000a)
\u000a\u0009\u000aCREATE CACHED TABLE tb_gerente  ( \u000a\u0009id INTEGER NOT NULL IDENTITY,\u000a\u0009nome VARCHAR(100) NOT NULL,\u000a\u0009fone CHAR(12) NOT NULL,\u000a\u0009celular CHAR(12) NOT NULL,\u000a\u0009email CHAR(50) NOT NULL,\u000a\u0009PRIMARY KEY(id) \u000a)
\u000a\u000aCREATE CACHED TABLE tb_conta    (\u000a\u0009id INTEGER NOT NULL IDENTITY,\u000a\u0009tb_cliente_cpf CHAR(11) NOT NULL,\u000a\u0009numero VARCHAR(10) NOT NULL,\u000a\u0009saldo DECIMAL(16,4) NOT NULL,\u000a\u0009tipo TINYINT NOT NULL,\u000a\u0009PRIMARY KEY(id),\u000a\u0009FOREIGN KEY(tb_cliente_cpf) REFERENCES tb_cliente(cpf) ON DELETE NO ACTION ON UPDATE NO ACTION\u000a)
\u000a\u000aCREATE CACHED TABLE tb_endereco (\u000a\u0009tb_cliente_cpf CHAR(11) NOT NULL,\u000a\u0009CEP CHAR(8) NULL,\u000a\u0009numero CHAR(5) NULL,\u000a\u0009Complemento CHAR(100) NULL,\u000a\u0009PRIMARY KEY(tb_cliente_cpf),\u000a\u0009FOREIGN KEY(tb_cliente_cpf) REFERENCES tb_cliente(cpf) ON DELETE CASCADE ON UPDATE CASCADE\u000a)
\u000a\u000aCREATE CACHED TABLE tb_gerentes_cliente (\u000a\u0009tb_gerente_id INTEGER NOT NULL,\u000a\u0009tb_cliente_cpf CHAR(11) NOT NULL,\u000a\u0009PRIMARY KEY(tb_gerente_id, tb_cliente_cpf),\u000a\u0009FOREIGN KEY(tb_gerente_id) REFERENCES tb_gerente(id) ON DELETE NO ACTION ON UPDATE NO ACTION,\u000a\u0009FOREIGN KEY(tb_cliente_cpf) REFERENCES tb_cliente(cpf) ON DELETE NO ACTION ON UPDATE NO ACTION\u000a)
INSERT INTO TB_CLIENTE VALUES('00000000000','Catap\u00f3bio da Silva')
INSERT INTO TB_CLIENTE VALUES('11111111111','Sapon\u00e1cio Jos\u00e9')
INSERT INTO TB_CLIENTE VALUES('22222222222','Zuquim ambim')
INSERT INTO TB_CLIENTE VALUES('33333333333','Claustr\u00edfico tongo')
INSERT INTO TB_CLIENTE VALUES('44444444444','Astrogilda Tambaemba')
INSERT INTO TB_CLIENTE VALUES('55555555555','Austin Contr\u00f3fico')
INSERT INTO TB_CLIENTE VALUES('66666666666','Oniqua Carbenha')
INSERT INTO TB_CLIENTE VALUES('77777777777','Pablo Carlo')
INSERT INTO TB_CLIENTE VALUES('88888888888','Tayrone Bascles')
INSERT INTO TB_CLIENTE VALUES('99999999999','Coniglio Cenoura')
INSERT INTO TB_ENDERECO VALUES('00000000000','52060000','0','Apto 0')
INSERT INTO TB_ENDERECO VALUES('11111111111','52060111','1','Apto 1')
INSERT INTO TB_ENDERECO VALUES('22222222222','52060222','2','Apto 2')
INSERT INTO TB_ENDERECO VALUES('33333333333','52060333','3','Apto 3')
INSERT INTO TB_ENDERECO VALUES('44444444444','52060444','4','Apto 4')
INSERT INTO TB_ENDERECO VALUES('55555555555','52060555','5','Apto 5')
INSERT INTO TB_ENDERECO VALUES('66666666666','52060666','6','Apto 6')
INSERT INTO TB_ENDERECO VALUES('77777777777','52060777','7','Apto 7')
INSERT INTO TB_ENDERECO VALUES('88888888888','52060888','8','Apto 8')
INSERT INTO TB_ENDERECO VALUES('99999999999','52060999','9','Apto 9')
INSERT INTO TB_GERENTE VALUES(0,'Gerente Caustr\u00f3fico','1111-1111','9911-1111','a@qib.com.br')
INSERT INTO TB_GERENTE VALUES(1,'Gerente Blont\u00edfico','2222-2222','9922-2222','b@qib.com.br')
INSERT INTO TB_GERENTE VALUES(2,'Gerente Dompl\u00eamico','3333-3333','9933-3333','c@qib.com.br')
INSERT INTO TB_GERENTES_CLIENTE VALUES(0,'00000000000')
INSERT INTO TB_GERENTES_CLIENTE VALUES(0,'11111111111')
INSERT INTO TB_GERENTES_CLIENTE VALUES(0,'22222222222')
INSERT INTO TB_GERENTES_CLIENTE VALUES(1,'33333333333')
INSERT INTO TB_GERENTES_CLIENTE VALUES(1,'44444444444')
INSERT INTO TB_GERENTES_CLIENTE VALUES(1,'55555555555')
INSERT INTO TB_GERENTES_CLIENTE VALUES(2,'66666666666')
INSERT INTO TB_GERENTES_CLIENTE VALUES(2,'77777777777')
INSERT INTO TB_GERENTES_CLIENTE VALUES(2,'88888888888')
INSERT INTO TB_GERENTES_CLIENTE VALUES(2,'99999999999')
INSERT INTO TB_CONTA VALUES(0,'00000000000','0000-0',2500.00,0)
INSERT INTO TB_CONTA VALUES(1,'00000000000','0000-1',100.00,1)
INSERT INTO TB_CONTA VALUES(2,'00000000000','0000-2',100.00,2)
INSERT INTO TB_CONTA VALUES(3,'11111111111','1111-0',800.00,0)
INSERT INTO TB_CONTA VALUES(4,'22222222222','2222-0',900.00,0)
INSERT INTO TB_CONTA VALUES(5,'33333333333','3333-0',70.00,0)
INSERT INTO TB_CONTA VALUES(6,'44444444444','4444-0',90.00,0)
INSERT INTO TB_CONTA VALUES(7,'55555555555','5555-0',3800.00,0)
INSERT INTO TB_CONTA VALUES(8,'66666666666','6666-0',4000.00,0)
INSERT INTO TB_CONTA VALUES(9,'77777777777','7777-0',50000.00,0)
INSERT INTO TB_CONTA VALUES(10,'88888888888','8888-0',170.00,0)
INSERT INTO TB_CONTA VALUES(11,'99999999999','9999-0',657.00,0)
